#
# There is insufficient memory for the Java Runtime Environment to continue.
# Native memory allocation (mmap) failed to map 132120576 bytes for G1 virtual space
# Possible reasons:
#   The system is out of physical RAM or swap space
#   The process is running with CompressedOops enabled, and the Java Heap may be blocking the growth of the native heap
# Possible solutions:
#   Reduce memory load on the system
#   Increase physical memory or swap space
#   Check if swap backing store is full
#   Decrease Java heap size (-Xmx/-Xms)
#   Decrease number of Java threads
#   Decrease Java thread stack sizes (-Xss)
#   Set larger code cache with -XX:ReservedCodeCacheSize=
#   JVM is running with Unscaled Compressed Oops mode in which the Java heap is
#     placed in the first 4GB address space. The Java Heap base address is the
#     maximum limit for the native heap growth. Please use -XX:HeapBaseMinAddress
#     to set the Java Heap base and to place the Java Heap above 4GB virtual address.
# This output file may be truncated or incomplete.
#
#  Out of Memory Error (os_windows.cpp:3536), pid=26520, tid=8396
#
# JRE version:  (19.0.2+7) (build )
# Java VM: Java HotSpot(TM) 64-Bit Server VM (19.0.2+7-44, mixed mode, sharing, tiered, compressed oops, compressed class ptrs, g1 gc, windows-amd64)
# No core dump will be written. Minidumps are not enabled by default on client versions of Windows
#

---------------  S U M M A R Y ------------

Command Line: -Dfile.encoding=UTF-8 --module-path=C:\Users\Devashish Das\OneDrive\Documents\NetBeansProjects\Hotel Management System1\build\classes hotel.management.system1.AddRooms

Host: Intel(R) Core(TM) i5-10210U CPU @ 1.60GHz, 8 cores, 7G,  Windows 11 , 64 bit Build 22621 (10.0.22621.1928)
Time: Sun Jul 30 19:49:05 2023 India Standard Time elapsed time: 0.014317 seconds (0d 0h 0m 0s)

---------------  T H R E A D  ---------------

Current thread (0x00000229b11b8020):  JavaThread "Unknown thread" [_thread_in_vm, id=8396, stack(0x000000add5100000,0x000000add5200000)]

Stack: [0x000000add5100000,0x000000add5200000]
Native frames: (J=compiled Java code, j=interpreted, Vv=VM code, C=native code)
V  [jvm.dll+0x6ee21a]
V  [jvm.dll+0x85765e]
V  [jvm.dll+0x85904e]
V  [jvm.dll+0x859703]
V  [jvm.dll+0x28298f]
V  [jvm.dll+0x6eb009]
V  [jvm.dll+0x6dfbaa]
V  [jvm.dll+0x3573f6]
V  [jvm.dll+0x35ee56]
V  [jvm.dll+0x3b541e]
V  [jvm.dll+0x3b564f]
V  [jvm.dll+0x32c9ea]
V  [jvm.dll+0x32d89e]
V  [jvm.dll+0x821780]
V  [jvm.dll+0x3c2661]
V  [jvm.dll+0x801f51]
V  [jvm.dll+0x44ae8f]
V  [jvm.dll+0x44c811]
C  [jli.dll+0x5287]
C  [ucrtbase.dll+0x29363]
C  [KERNEL32.DLL+0x126ad]
C  [ntdll.dll+0x5aa68]


---------------  P R O C E S S  ---------------

Threads class SMR info:
_java_thread_list=0x00007ffb20bed048, length=0, elements={
}

Java Threads: ( => current thread )

Other Threads:
  0x00000229b1219960 WorkerThread "GC Thread#0" [stack: 0x000000add5200000,0x000000add5300000] [id=17412]
  0x00000229b122a240 ConcurrentGCThread "G1 Main Marker" [stack: 0x000000add5300000,0x000000add5400000] [id=25264]
  0x00000229b122bf80 WorkerThread "G1 Conc#0" [stack: 0x000000add5400000,0x000000add5500000] [id=28636]

[error occurred during error reporting (printing all threads), id 0xc0000005, EXCEPTION_ACCESS_VIOLATION (0xc0000005) at pc=0x00007ffb203ad427]

VM state: not at safepoint (not fully initialized)

VM Mutex/Monitor currently owned by a thread:  ([mutex/lock_event])
[0x00000229b11b4650] Heap_lock - owner thread: 0x00000229b11b8020

Heap address: 0x0000000083400000, size: 1996 MB, Compressed Oops mode: 32-bit

CDS archive(s) mapped at: [0x0000000000000000-0x0000000000000000-0x0000000000000000), size 0, SharedBaseAddress: 0x0000000800000000, ArchiveRelocationMode: 0.
Narrow klass base: 0x0000000000000000, Narrow klass shift: 0, Narrow klass range: 0x0

GC Precious Log:
 CardTable entry size: 512
 Card Set container configuration: InlinePtr #cards 5 size 8 Array Of Cards #cards 12 size 40 Howl #buckets 4 coarsen threshold 1843 Howl Bitmap #cards 512 size 80 coarsen threshold 460 Card regions per heap region 1 cards per card region 2048

Heap:
 garbage-first heap   total 0K, used 0K [0x0000000083400000, 0x0000000100000000)
  region size 1024K, 0 young (0K), 0 survivors (0K)

[error occurred during error reporting (printing heap information), id 0xc0000005, EXCEPTION_ACCESS_VIOLATION (0xc0000005) at pc=0x00007ffb207b6649]

GC Heap History (0 events):
No events

Dll operation events (1 events):
Event: 0.011 Loaded shared library C:\Program Files\Java\jdk-19\bin\java.dll

Deoptimization events (0 events):
No events

Classes loaded (0 events):
No events

Classes unloaded (0 events):
No events

Classes redefined (0 events):
No events

Internal exceptions (0 events):
No events

VM Operations (0 events):
No events

Events (0 events):
No events


Dynamic libraries:
0x00007ff663b10000 - 0x00007ff663b20000 	C:\Program Files\Java\jdk-19\bin\java.exe
0x00007ffb9a810000 - 0x00007ffb9aa24000 	C:\WINDOWS\SYSTEM32\ntdll.dll
0x00007ffb98a50000 - 0x00007ffb98b12000 	C:\WINDOWS\System32\KERNEL32.DLL
0x00007ffb97e80000 - 0x00007ffb98223000 	C:\WINDOWS\System32\KERNELBASE.dll
0x00007ffb97d30000 - 0x00007ffb97e41000 	C:\WINDOWS\System32\ucrtbase.dll
0x00007ffb8d1a0000 - 0x00007ffb8d1b8000 	C:\Program Files\Java\jdk-19\bin\jli.dll
0x00007ffb7c650000 - 0x00007ffb7c66b000 	C:\Program Files\Java\jdk-19\bin\VCRUNTIME140.dll
0x00007ffb98650000 - 0x00007ffb986fe000 	C:\WINDOWS\System32\ADVAPI32.dll
0x00007ffb987e0000 - 0x00007ffb98887000 	C:\WINDOWS\System32\msvcrt.dll
0x00007ffb98b20000 - 0x00007ffb98bc4000 	C:\WINDOWS\System32\sechost.dll
0x00007ffb9a2a0000 - 0x00007ffb9a3b7000 	C:\WINDOWS\System32\RPCRT4.dll
0x00007ffb9a4f0000 - 0x00007ffb9a69a000 	C:\WINDOWS\System32\USER32.dll
0x00007ffb97e50000 - 0x00007ffb97e76000 	C:\WINDOWS\System32\win32u.dll
0x00007ffb76ed0000 - 0x00007ffb7715e000 	C:\WINDOWS\WinSxS\amd64_microsoft.windows.common-controls_6595b64144ccf1df_6.0.22621.1635_none_270f70857386168e\COMCTL32.dll
0x00007ffb98f60000 - 0x00007ffb98f89000 	C:\WINDOWS\System32\GDI32.dll
0x00007ffb98230000 - 0x00007ffb98349000 	C:\WINDOWS\System32\gdi32full.dll
0x00007ffb97c90000 - 0x00007ffb97d2a000 	C:\WINDOWS\System32\msvcp_win.dll
0x00007ffb8cb10000 - 0x00007ffb8cb1a000 	C:\WINDOWS\SYSTEM32\VERSION.dll
0x00007ffb98f20000 - 0x00007ffb98f51000 	C:\WINDOWS\System32\IMM32.DLL
0x00007ffb7e220000 - 0x00007ffb7e22c000 	C:\Program Files\Java\jdk-19\bin\vcruntime140_1.dll
0x00007ffb54b60000 - 0x00007ffb54bee000 	C:\Program Files\Java\jdk-19\bin\msvcp140.dll
0x00007ffb20070000 - 0x00007ffb20d30000 	C:\Program Files\Java\jdk-19\bin\server\jvm.dll
0x00007ffb80870000 - 0x00007ffb80879000 	C:\WINDOWS\SYSTEM32\WSOCK32.dll
0x00007ffb9a6a0000 - 0x00007ffb9a711000 	C:\WINDOWS\System32\WS2_32.dll
0x00007ffb8d460000 - 0x00007ffb8d494000 	C:\WINDOWS\SYSTEM32\WINMM.dll
0x00007ffb96c50000 - 0x00007ffb96c68000 	C:\WINDOWS\SYSTEM32\kernel.appcore.dll
0x00007ffb7c560000 - 0x00007ffb7c56a000 	C:\Program Files\Java\jdk-19\bin\jimage.dll
0x00007ffb91c00000 - 0x00007ffb91e2e000 	C:\WINDOWS\SYSTEM32\DBGHELP.DLL
0x00007ffb99f10000 - 0x00007ffb9a299000 	C:\WINDOWS\System32\combase.dll
0x00007ffb98700000 - 0x00007ffb987d7000 	C:\WINDOWS\System32\OLEAUT32.dll
0x00007ffb88b30000 - 0x00007ffb88b62000 	C:\WINDOWS\SYSTEM32\dbgcore.DLL
0x00007ffb97c10000 - 0x00007ffb97c8a000 	C:\WINDOWS\System32\bcryptPrimitives.dll
0x00007ffb7ba80000 - 0x00007ffb7baa6000 	C:\Program Files\Java\jdk-19\bin\java.dll

dbghelp: loaded successfully - version: 4.0.5 - missing functions: none
symbol engine: initialized successfully - sym options: 0x614 - pdb path: .;C:\Program Files\Java\jdk-19\bin;C:\WINDOWS\SYSTEM32;C:\WINDOWS\WinSxS\amd64_microsoft.windows.common-controls_6595b64144ccf1df_6.0.22621.1635_none_270f70857386168e;C:\Program Files\Java\jdk-19\bin\server

VM Arguments:
jvm_args: -Dfile.encoding=UTF-8 --module-path=C:\Users\Devashish Das\OneDrive\Documents\NetBeansProjects\Hotel Management System1\build\classes 
java_command: hotel.management.system1.AddRooms
java_class_path (initial): C:\Users\Devashish Das\OneDrive\Desktop\mysql-connector-j-8.1.0\mysql-connector-j-8.1.0.jar;C:\Users\Devashish Das\OneDrive\Documents\NetBeansProjects\Hotel Management System1\build\classes
Launcher Type: SUN_STANDARD

[Global flags]
     intx CICompilerCount                          = 4                                         {product} {ergonomic}
     uint ConcGCThreads                            = 2                                         {product} {ergonomic}
     uint G1ConcRefinementThreads                  = 8                                         {product} {ergonomic}
   size_t G1HeapRegionSize                         = 1048576                                   {product} {ergonomic}
    uintx GCDrainStackTargetSize                   = 64                                        {product} {ergonomic}
   size_t InitialHeapSize                          = 132120576                                 {product} {ergonomic}
   size_t MarkStackSize                            = 4194304                                   {product} {ergonomic}
   size_t MaxHeapSize                              = 2092957696                                {product} {ergonomic}
   size_t MinHeapDeltaBytes                        = 1048576                                   {product} {ergonomic}
   size_t MinHeapSize                              = 8388608                                   {product} {ergonomic}
    uintx NonNMethodCodeHeapSize                   = 5839372                                {pd product} {ergonomic}
    uintx NonProfiledCodeHeapSize                  = 122909434                              {pd product} {ergonomic}
    uintx ProfiledCodeHeapSize                     = 122909434                              {pd product} {ergonomic}
    uintx ReservedCodeCacheSize                    = 251658240                              {pd product} {ergonomic}
     bool SegmentedCodeCache                       = true                                      {product} {ergonomic}
   size_t SoftMaxHeapSize                          = 2092957696                             {manageable} {ergonomic}
     bool UseCompressedClassPointers               = true                           {product lp64_product} {ergonomic}
     bool UseCompressedOops                        = true                           {product lp64_product} {ergonomic}
     bool UseG1GC                                  = true                                      {product} {ergonomic}
     bool UseLargePagesIndividualAllocation        = false                                  {pd product} {ergonomic}

Logging:
Log output configuration:
 #0: stdout all=warning uptime,level,tags foldmultilines=false
 #1: stderr all=off uptime,level,tags foldmultilines=false

Environment Variables:
PATH=C:\Program Files\Common Files\Oracle\Java\javapath;C:\ProgramData\Oracle\Java\javapath;C:\WINDOWS\system32;C:\WINDOWS;C:\WINDOWS\System32\Wbem;C:\WINDOWS\System32\WindowsPowerShell\v1.0\;C:\WINDOWS\System32\OpenSSH\;C:\Program Files\Microsoft SQL Server\Client SDK\ODBC\170\Tools\Binn\;C:\Program Files (x86)\Microsoft SQL Server\150\Tools\Binn\;C:\Program Files\Microsoft SQL Server\150\Tools\Binn\;C:\Program Files\Microsoft SQL Server\150\DTS\Binn\;C:\Program Files (x86)\Microsoft SQL Server\160\DTS\Binn\;C:\mingw64\bin;C:\xampp\php;C:\ProgramData\ComposerSetup\bin;C:\Program Files\nodejs\;C:\Program Files\Java\jdk-17\bin;C:\Program Files\MySQL\MySQL Shell 8.0\bin\;C:\Movies\New\Microsoft VS Code\bin;C:\Users\Devashish Das\AppData\Roaming\Composer\vendor\bin;C:\Users\Devashish Das\AppData\Local\Microsoft\WindowsApps;C:\Users\Devashish Das\AppData\Roaming\npm
USERNAME=Devashish Das
OS=Windows_NT
PROCESSOR_IDENTIFIER=Intel64 Family 6 Model 142 Stepping 12, GenuineIntel
TMP=C:\Users\DEVASH~1\AppData\Local\Temp
TEMP=C:\Users\DEVASH~1\AppData\Local\Temp



---------------  S Y S T E M  ---------------

OS:
 Windows 11 , 64 bit Build 22621 (10.0.22621.1928)
OS uptime: 14 days 3:11 hours

CPU: total 8 (initial active 8) (4 cores per cpu, 2 threads per core) family 6 model 142 stepping 12 microcode 0xde, cx8, cmov, fxsr, ht, mmx, 3dnowpref, sse, sse2, sse3, ssse3, sse4.1, sse4.2, popcnt, lzcnt, tsc, tscinvbit, avx, avx2, aes, erms, clmul, bmi1, bmi2, adx, fma, vzeroupper, clflush, clflushopt, rdtscp

Memory: 4k page, system-wide physical 7979M (497M free)
TotalPageFile size 32555M (AvailPageFile size 87M)
current process WorkingSet (physical memory assigned to process): 11M, peak: 11M
current process commit charge ("private bytes"): 60M, peak: 186M

vm_info: Java HotSpot(TM) 64-Bit Server VM (19.0.2+7-44) for windows-amd64 JRE (19.0.2+7-44), built on 2022-11-30T18:02:09Z by "mach5one" with MS VC++ 17.1 (VS2022)

END.
